<?xml version="1.0" encoding="UTF-8"?>
<testng-results skipped="0" failed="0" ignored="0" total="1" passed="1">
  <reporter-output>
  </reporter-output>
  <suite name="Suite" duration-ms="97" started-at="2021-06-16T19:42:24 IST" finished-at="2021-06-16T19:42:24 IST">
    <groups>
    </groups>
    <test name="Test" duration-ms="97" started-at="2021-06-16T19:42:24 IST" finished-at="2021-06-16T19:42:24 IST">
      <class name="tests.Calc">
        <test-method status="PASS" signature="add()[pri:0, instance:tests.Calc@72b6cbcc]" name="add" duration-ms="25" started-at="2021-06-16T19:42:24 IST" finished-at="2021-06-16T19:42:24 IST">
          <reporter-output>
          </reporter-output>
        </test-method> <!-- add -->
      </class> <!-- tests.Calc -->
    </test> <!-- Test -->
  </suite> <!-- Suite -->
</testng-results>
