<?xml version="1.0" encoding="UTF-8"?>
<testng-results skipped="0" failed="0" ignored="0" total="1" passed="1">
  <reporter-output>
  </reporter-output>
  <suite name="Default suite" duration-ms="60" started-at="2021-06-15T18:30:55 IST" finished-at="2021-06-15T18:30:55 IST">
    <groups>
    </groups>
    <test name="Default test" duration-ms="60" started-at="2021-06-15T18:30:55 IST" finished-at="2021-06-15T18:30:55 IST">
      <class name="Calc">
        <test-method status="PASS" signature="add()[pri:0, instance:Calc@5d76b067]" name="add" duration-ms="11" started-at="2021-06-15T18:30:55 IST" finished-at="2021-06-15T18:30:55 IST">
          <reporter-output>
          </reporter-output>
        </test-method> <!-- add -->
      </class> <!-- Calc -->
    </test> <!-- Default test -->
  </suite> <!-- Default suite -->
</testng-results>
